[2019-10-22 20:46:10] v1.5.0 finboxio.functions.xlam ---------- Unloaded add-in functions
[2019-10-22 21:00:22] v1.5.0 finbox.functions.xlam ------------ Loading add-in functions
[2019-10-22 21:00:25] v1.5.0 finbox.functions.xlam ------------ Add-in functions are ready
[2019-10-22 21:05:27] v1.5.0 finbox.functions.xlam ------------ Logged in as superuser user brian@finbox.io
[2019-10-22 21:05:27] v1.5.0 finbox.functions.xlam ------------ Using API key 05507ca2ab009182f49cfa79900493e10181c260
[2019-10-22 21:05:48] v1.5.0 finbox.functions.xlam ------------ Requesting 1 key(s)
[2019-10-22 21:11:33] v1.5.0 finbox.functions.xlam ------------ Unloaded add-in functions
[2019-10-22 21:13:08] v1.5.0 finbox.functions.xlam ------------ Loading add-in functions
[2019-10-22 21:13:08] v1.5.0 finbox.functions.xlam ------------ Using API key 05507ca2ab009182f49cfa79900493e10181c260
[2019-10-22 21:13:08] v1.5.0 finbox.functions.xlam ------------ Add-in functions are ready
[2019-10-22 21:20:40] v1.5.0 finbox.functions.xlam ------------ Unloaded add-in functions
[2019-10-22 21:28:49] v1.5.0 finbox.functions.xlam ------------ Loading add-in functions
[2019-10-22 21:28:49] v1.5.0 finbox.functions.xlam ------------ Using API key 05507ca2ab009182f49cfa79900493e10181c260
[2019-10-22 21:28:50] v1.5.0 finbox.functions.xlam ------------ Add-in functions are ready
[2019-10-22 21:30:34] v1.5.0 finbox.functions.xlam ------------ Unloaded add-in functions
[2019-10-22 21:32:48] v1.5.0 finbox.functions.xlam ------------ Loading add-in functions
[2019-10-22 21:33:06] v1.5.0 finbox.functions.xlam ------------ Using API key 05507ca2ab009182f49cfa79900493e10181c260
[2019-10-22 21:33:07] v1.5.0 finbox.functions.xlam ------------ Add-in functions are ready
[2019-10-22 21:33:22] v1.5.0 finbox.functions.xlam ------------ Logging out
[2019-10-22 21:34:04] v1.5.0 finbox.functions.xlam ------------ Unloaded add-in functions
[2019-10-22 21:35:05] v1.5.0 finbox.functions.xlam ------------ Loading add-in functions
[2019-10-22 21:35:05] v1.5.0 finbox.functions.xlam ------------ Using API key 

[2019-10-22 21:35:07] v1.5.0 finbox.functions.xlam ------------ Add-in functions are ready
[2019-10-22 21:43:37] v1.5.0 finbox.functions.xlam ------------ Unloaded add-in functions
[2019-10-22 21:45:15] v1.5.0 finbox.functions.xlam ------------ Loading add-in functions
[2019-10-22 21:45:15] v1.5.0 finbox.functions.xlam ------------ Using API key 

[2019-10-22 21:45:16] v1.5.0 finbox.functions.xlam ------------ Add-in functions are ready
[2019-10-22 21:54:22] v1.5.0 finbox.functions.xlam ------------ Unloaded add-in functions
[2019-10-22 21:55:15] v1.5.0 finbox.functions.xlam ------------ Loading add-in functions
[2019-10-22 21:55:15] v1.5.0 finbox.functions.xlam ------------ Using API key 

[2019-10-22 21:55:16] v1.5.0 finbox.functions.xlam ------------ Add-in functions are ready
[2019-10-22 21:56:53] v1.5.0 finbox.functions.xlam ------------ Unloaded add-in functions
[2019-10-22 22:46:36] v1.5.0 finbox.functions.xlam ------------ Loading add-in functions
[2019-10-22 22:46:36] v1.5.0 finbox.functions.xlam ------------ Using API key 

[2019-10-22 22:46:36] v1.5.0 finbox.functions.xlam ------------ Add-in functions are ready
[2019-10-22 22:49:34] v1.5.0 finbox.functions.xlam ------------ Unloaded add-in functions
